<?xml version="1.0" encoding="UTF-8"?>
<testsuite name="org.example.user.application.UserRelationServiceTest" tests="6" skipped="0" failures="0" errors="0" timestamp="2025-02-23T06:43:21" hostname="juyeong-ui-MacBookPro.local" time="0.011">
  <properties/>
  <testcase name="givenCreateOneUser_whenUnFollowSelf_thenUserThrowError()" classname="org.example.user.application.UserRelationServiceTest" time="0.001"/>
  <testcase name="givenCreateTwoUser_whenFollow_thenUserThrowError()" classname="org.example.user.application.UserRelationServiceTest" time="0.0"/>
  <testcase name="givenCreateTwoUserFollowed_whenFollow_thenUserThrowError()" classname="org.example.user.application.UserRelationServiceTest" time="0.008"/>
  <testcase name="givenCreateTwoUser_whenFollow_thenUserFollowSaved()" classname="org.example.user.application.UserRelationServiceTest" time="0.001"/>
  <testcase name="givenCreateTwoUserFollow_whenUnFollow_thenUserUnFollowSaved()" classname="org.example.user.application.UserRelationServiceTest" time="0.0"/>
  <testcase name="givenCreateOneUser_whenFollow_thenUserThrowError()" classname="org.example.user.application.UserRelationServiceTest" time="0.001"/>
  <system-out><![CDATA[]]></system-out>
  <system-err><![CDATA[]]></system-err>
</testsuite>
