<?xml version="1.0" encoding="UTF-8"?>
<testsuite name="org.example.post.domain.common.DateTimeInfoTest" tests="1" skipped="0" failures="0" errors="0" timestamp="2025-02-23T06:43:21" hostname="juyeong-ui-MacBookPro.local" time="0.001">
  <properties/>
  <testcase name="givenCreated_whenUpdated_thenTimeAndStateArsUpdated()" classname="org.example.post.domain.common.DateTimeInfoTest" time="0.001"/>
  <system-out><![CDATA[]]></system-out>
  <system-err><![CDATA[]]></system-err>
</testsuite>
