<?xml version="1.0" encoding="UTF-8"?>
<testsuite name="org.example.post.domain.content.PostContentTest" tests="4" skipped="0" failures="0" errors="0" timestamp="2025-02-23T06:43:21" hostname="juyeong-ui-MacBookPro.local" time="0.002">
  <properties/>
  <testcase name="givenContentLengthIsOk_whenCreated_thenReturnTextContent()" classname="org.example.post.domain.content.PostContentTest" time="0.0"/>
  <testcase name="givenContentLengthIsOver_whenCreated_thenReturnThrowError()" classname="org.example.post.domain.content.PostContentTest" time="0.0"/>
  <testcase name="[1] koreanWord=쀍, 닭, 삵, 긁, 슒" classname="org.example.post.domain.content.PostContentTest" time="0.0"/>
  <testcase name="givenContentLengthIsUnder_whenCreated_thenThrowError()" classname="org.example.post.domain.content.PostContentTest" time="0.001"/>
  <system-out><![CDATA[]]></system-out>
  <system-err><![CDATA[]]></system-err>
</testsuite>
