<?xml version="1.0" encoding="UTF-8"?>
<testsuite name="org.example.user.domain.UserTest" tests="7" skipped="0" failures="0" errors="0" timestamp="2025-02-23T06:43:21" hostname="juyeong-ui-MacBookPro.local" time="0.003">
  <properties/>
  <testcase name="givenTwoSameIdUser_whenEqual_thenReturnTrue()" classname="org.example.user.domain.UserTest" time="0.001"/>
  <testcase name="givenTowUserUser1FollowUser2_whenUnfollow_thenDecreaseUserCount()" classname="org.example.user.domain.UserTest" time="0.0"/>
  <testcase name="givenTwoUser_whenEqual_thenReturnFalse()" classname="org.example.user.domain.UserTest" time="0.0"/>
  <testcase name="givenTwoUser_whenUnfollow_thenNotDecreaseUserCount()" classname="org.example.user.domain.UserTest" time="0.001"/>
  <testcase name="givenTwoUser_whenHashCode_thenReturnFalse()" classname="org.example.user.domain.UserTest" time="0.0"/>
  <testcase name="givenTwoUser_whenUserFollowUser2_thenIncreaseUserCount()" classname="org.example.user.domain.UserTest" time="0.0"/>
  <testcase name="givenTwoSameIdUser_whenHashCode_thenEqual()" classname="org.example.user.domain.UserTest" time="0.001"/>
  <system-out><![CDATA[]]></system-out>
  <system-err><![CDATA[]]></system-err>
</testsuite>
