<?xml version="1.0" encoding="UTF-8"?>
<testsuite name="org.example.post.domain.content.CommentContentTest" tests="7" skipped="0" failures="0" errors="0" timestamp="2025-02-23T06:43:21" hostname="juyeong-ui-MacBookPro.local" time="0.012">
  <properties/>
  <testcase name="[1] koreanContent=쀍" classname="org.example.post.domain.content.CommentContentTest" time="0.007"/>
  <testcase name="[2] koreanContent=닭" classname="org.example.post.domain.content.CommentContentTest" time="0.001"/>
  <testcase name="[3] koreanContent=굵" classname="org.example.post.domain.content.CommentContentTest" time="0.0"/>
  <testcase name="givenContentLengthIsOver_whenCreateCommentContent_thenThrowError()" classname="org.example.post.domain.content.CommentContentTest" time="0.0"/>
  <testcase name="givenContentLengthIsOk_whenCreateCommentContent_thenReturnTextContext()" classname="org.example.post.domain.content.CommentContentTest" time="0.0"/>
  <testcase name="[1] content=null" classname="org.example.post.domain.content.CommentContentTest" time="0.0"/>
  <testcase name="[2] content=" classname="org.example.post.domain.content.CommentContentTest" time="0.0"/>
  <system-out><![CDATA[]]></system-out>
  <system-err><![CDATA[]]></system-err>
</testsuite>
