<?xml version="1.0" encoding="UTF-8"?>
<testsuite name="org.example.user.domain.UserInfoTest" tests="2" skipped="0" failures="0" errors="0" timestamp="2025-02-23T06:43:21" hostname="juyeong-ui-MacBookPro.local" time="0.001">
  <properties/>
  <testcase name="givenNameAndProfileImage_whenCreated_thenThrowNothing()" classname="org.example.user.domain.UserInfoTest" time="0.0"/>
  <testcase name="givenBlankNameAndProfileImage_whenCreated_thenThrowError()" classname="org.example.user.domain.UserInfoTest" time="0.0"/>
  <system-out><![CDATA[]]></system-out>
  <system-err><![CDATA[]]></system-err>
</testsuite>
