<?xml version="1.0" encoding="UTF-8"?>
<testsuite name="org.example.post.application.CommentServiceTest" tests="4" skipped="0" failures="0" errors="0" timestamp="2025-02-23T06:43:21" hostname="juyeong-ui-MacBookPro.local" time="0.004">
  <properties/>
  <testcase name="givenCreateCommentRequestDto_whenCreateComment_thenReturnComment()" classname="org.example.post.application.CommentServiceTest" time="0.0"/>
  <testcase name="givenCreateComment_whenUpdateComment_thenReturnUpdatedComment()" classname="org.example.post.application.CommentServiceTest" time="0.001"/>
  <testcase name="givenComment_whenLikeComment_thenReturnCommentWithLike()" classname="org.example.post.application.CommentServiceTest" time="0.0"/>
  <testcase name="givenComment_whenUnlikeComment_thenReturnCommentWithoutLike()" classname="org.example.post.application.CommentServiceTest" time="0.0"/>
  <system-out><![CDATA[]]></system-out>
  <system-err><![CDATA[]]></system-err>
</testsuite>
